<?xml version="1.0" encoding="UTF-8"?>
<coverage generated="1675172532363" clover="3.2.0">
  <project timestamp="1675172532364" name="All files">
    <metrics statements="12" coveredstatements="12" conditionals="2" coveredconditionals="2" methods="5" coveredmethods="5" elements="19" coveredelements="19" complexity="0" loc="12" ncloc="12" packages="1" files="2" classes="2"/>
    <file name="Character.js" path="C:\Users\Administrator\WebstormProjects\containershw1\src\js\Character.js">
      <metrics statements="2" coveredstatements="2" conditionals="0" coveredconditionals="0" methods="1" coveredmethods="1"/>
      <line num="3" count="7" type="stmt"/>
      <line num="4" count="7" type="stmt"/>
    </file>
    <file name="Team.js" path="C:\Users\Administrator\WebstormProjects\containershw1\src\js\Team.js">
      <metrics statements="10" coveredstatements="10" conditionals="2" coveredconditionals="2" methods="4" coveredmethods="4"/>
      <line num="3" count="3" type="stmt"/>
      <line num="8" count="7" type="cond" truecount="2" falsecount="0"/>
      <line num="9" count="1" type="stmt"/>
      <line num="10" count="6" type="stmt"/>
      <line num="16" count="2" type="stmt"/>
      <line num="17" count="10" type="stmt"/>
      <line num="22" count="3" type="stmt"/>
      <line num="23" count="3" type="stmt"/>
      <line num="24" count="14" type="stmt"/>
      <line num="27" count="3" type="stmt"/>
    </file>
  </project>
</coverage>
