{"C:\\Users\\Administrator\\WebstormProjects\\containershw1\\src\\js\\Character.js": {"path":"C:\\Users\\Administrator\\WebstormProjects\\containershw1\\src\\js\\Character.js","statementMap":{"0":{"start":{"line":3,"column":8},"end":{"line":3,"column":25}},"1":{"start":{"line":4,"column":8},"end":{"line":4,"column":21}}},"fnMap":{"0":{"name":"(anonymous_0)","decl":{"start":{"line":2,"column":4},"end":{"line":2,"column":5}},"loc":{"start":{"line":2,"column":26},"end":{"line":5,"column":5}},"line":2}},"branchMap":{},"s":{"0":7,"1":7},"f":{"0":7},"b":{},"_coverageSchema":"1a1c01bbd47fc00a2c39e90264f33305004495a9","hash":"d026c34f833af4ab10a1ebde1c189f484c0b2e6e"}
,"C:\\Users\\Administrator\\WebstormProjects\\containershw1\\src\\js\\Team.js": {"path":"C:\\Users\\Administrator\\WebstormProjects\\containershw1\\src\\js\\Team.js","statementMap":{"0":{"start":{"line":3,"column":8},"end":{"line":3,"column":33}},"1":{"start":{"line":8,"column":8},"end":{"line":10,"column":43}},"2":{"start":{"line":9,"column":12},"end":{"line":9,"column":51}},"3":{"start":{"line":10,"column":15},"end":{"line":10,"column":42}},"4":{"start":{"line":16,"column":8},"end":{"line":18,"column":9}},"5":{"start":{"line":17,"column":12},"end":{"line":17,"column":39}},"6":{"start":{"line":22,"column":21},"end":{"line":22,"column":32}},"7":{"start":{"line":23,"column":8},"end":{"line":25,"column":9}},"8":{"start":{"line":24,"column":12},"end":{"line":24,"column":35}},"9":{"start":{"line":27,"column":8},"end":{"line":27,"column":22}}},"fnMap":{"0":{"name":"(anonymous_0)","decl":{"start":{"line":2,"column":4},"end":{"line":2,"column":5}},"loc":{"start":{"line":2,"column":18},"end":{"line":5,"column":5}},"line":2},"1":{"name":"(anonymous_1)","decl":{"start":{"line":7,"column":4},"end":{"line":7,"column":5}},"loc":{"start":{"line":7,"column":18},"end":{"line":13,"column":5}},"line":7},"2":{"name":"(anonymous_2)","decl":{"start":{"line":15,"column":4},"end":{"line":15,"column":5}},"loc":{"start":{"line":15,"column":25},"end":{"line":19,"column":5}},"line":15},"3":{"name":"(anonymous_3)","decl":{"start":{"line":21,"column":4},"end":{"line":21,"column":5}},"loc":{"start":{"line":21,"column":13},"end":{"line":28,"column":5}},"line":21}},"branchMap":{"0":{"loc":{"start":{"line":8,"column":8},"end":{"line":10,"column":43}},"type":"if","locations":[{"start":{"line":8,"column":8},"end":{"line":10,"column":43}},{"start":{"line":10,"column":14},"end":{"line":10,"column":43}}],"line":8}},"s":{"0":3,"1":7,"2":1,"3":6,"4":2,"5":10,"6":3,"7":3,"8":14,"9":3},"f":{"0":3,"1":7,"2":2,"3":3},"b":{"0":[1,6]},"_coverageSchema":"1a1c01bbd47fc00a2c39e90264f33305004495a9","hash":"498e5b6cb1234b3ab8281bed829f76531a2eac66"}
}
